<?xml version="1.0" encoding="UTF-8"?>
<testng-results skipped="0" failed="0" ignored="0" total="1" passed="1">
  <reporter-output>
  </reporter-output>
  <suite name="Default suite" duration-ms="130009" started-at="2020-06-23T17:51:30 IST" finished-at="2020-06-23T17:53:40 IST">
    <groups>
    </groups>
    <test name="Default test" duration-ms="130009" started-at="2020-06-23T17:51:30 IST" finished-at="2020-06-23T17:53:40 IST">
      <class name="com.gradeup.tests.APITest">
        <test-method status="PASS" signature="APITest()[pri:0, instance:com.gradeup.tests.APITest@59e5ddf]" name="APITest" duration-ms="129949" started-at="2020-06-23T17:51:30 IST" finished-at="2020-06-23T17:53:40 IST">
          <reporter-output>
          </reporter-output>
        </test-method> <!-- APITest -->
      </class> <!-- com.gradeup.tests.APITest -->
    </test> <!-- Default test -->
  </suite> <!-- Default suite -->
</testng-results>
